<?xml version="1.0" encoding="UTF-8"?>
<!-- Generated by org.testng.reporters.JUnitReportReporter -->
<testsuite skipped="0" hostname="dsnehasr" name="com.training.sanity.tests.LoginTests" tests="1" failures="0" timestamp="22 Mar 2019 11:07:53 GMT" time="12.728" errors="0">
  <testcase name="validLoginTest" time="12.728" classname="com.training.sanity.tests.LoginTests"/>
</testsuite> <!-- com.training.sanity.tests.LoginTests -->
