<?xml version="1.0" encoding="UTF-8"?>
<!-- Generated by org.testng.reporters.JUnitReportReporter -->
<testsuite skipped="0" hostname="dsnehasr" name="com.training.regression.tests.LoginDBTest" tests="2" failures="0" timestamp="25 Mar 2019 04:37:20 GMT" time="21.121" errors="0">
  <testcase name="loginDBTest" time="8.528" classname="com.training.regression.tests.LoginDBTest"/>
  <testcase name="loginDBTest" time="12.593" classname="com.training.regression.tests.LoginDBTest"/>
</testsuite> <!-- com.training.regression.tests.LoginDBTest -->
